build/app/intermediates/proguard-rules/release/aapt_rules.txt
# Referenced at merged_manifests/release/AndroidManifest.xml:17
-keep class androidx.core.app.CoreComponentFactory { <init>(); }
# Referenced at merged_manifests/release/AndroidManifest.xml:31
-keep class com.amap.api.location.APSService { <init>(); }
# Referenced at merged_manifests/release/AndroidManifest.xml:29
-keep class com.apptreesoftware.barcodescan.BarcodeScannerActivity { <init>(); }
# Referenced at merged_manifests/release/AndroidManifest.xml:35
-keep class com.mob.MobProvider { <init>(); }
# Referenced at merged_manifests/release/AndroidManifest.xml:36
-keep class com.mob.tools.MobUIShell { <init>(); }
# Referenced at merged_manifests/release/AndroidManifest.xml:26
-keep class com.weilu.deer.DeerPickerProvider { <init>(); }
# Referenced at merged_manifests/release/AndroidManifest.xml:18
-keep class com.weilu.deer.MainActivity { <init>(); }
# Referenced at merged_manifests/release/AndroidManifest.xml:17
-keep class com.weilu.deer.MyApp { <init>(); }
# Referenced at merged_manifests/release/AndroidManifest.xml:32
-keep class io.flutter.plugins.imagepicker.ImagePickerFileProvider { <init>(); }
# Referenced at merged_manifests/release/AndroidManifest.xml:30
-keep class io.flutter.plugins.urllauncher.WebViewActivity { <init>(); }
# Referenced at res/layout/smssdk_authorize_dialog.xml:17
-keep class cn.smssdk.ui.companent.CircleImageView { <init>(...); }

# Referenced at res/layout/smssdk_personal_info.xml:15
# Referenced at res/layout/smssdk_avatar_picker_item.xml:7
# Referenced at res/layout/smssdk_avatar_page.xml:26
-keep class com.mob.tools.gui.AsyncImageView { <init>(...); }