build/app/outputs/mapping/release/mapping.txt
# compiler: R8
# compiler_version: 1.4.94
# min_api: 16
com.weilu.deer.-$$Lambda$MainActivity$Gbak0tHj46PLGgLwxaSGNP7x9OY -> com.weilu.deer.a:
    com.weilu.deer.MainActivity f$0 -> a
    void onMethodCall(io.flutter.plugin.common.MethodCall,io.flutter.plugin.common.MethodChannel$Result) -> a
com.weilu.deer.FileProvider7 -> com.weilu.deer.b:
    android.net.Uri getUriForFile(android.content.Context,java.io.File) -> a
    void setIntentDataAndType(android.content.Context,android.content.Intent,java.lang.String,java.io.File,boolean) -> a
    android.net.Uri getUriForFile24(android.content.Context,java.io.File) -> b
com.weilu.deer.MainActivity -> com.weilu.deer.MainActivity:
    void lambda$onCreate$0(io.flutter.plugin.common.MethodCall,io.flutter.plugin.common.MethodChannel$Result) -> a
    void openFile(java.lang.String) -> c
...
com.amap.api.services.geocoder.GeocodeResult -> d.a.a.d.f.a:
com.amap.api.services.geocoder.GeocodeSearch$OnGeocodeSearchListener -> d.a.a.d.f.b:
    void onGeocodeSearched(com.amap.api.services.geocoder.GeocodeResult,int) -> a
    void onRegeocodeSearched(com.amap.api.services.geocoder.RegeocodeResult,int) -> a
com.amap.api.services.geocoder.RegeocodeResult -> d.a.a.d.f.c:
com.amap.api.services.help.Inputtips$InputtipsListener -> d.a.a.d.g.a:
    void onGetInputtips(java.util.List,int) -> a
com.amap.api.services.interfaces.IPoiSearch -> d.a.a.d.h.a:
    void searchPOIAsyn() -> a
    void setBound(com.amap.api.services.poisearch.PoiSearch$SearchBound) -> a
    void setOnPoiSearchListener(com.amap.api.services.poisearch.PoiSearch$OnPoiSearchListener) -> a
com.amap.api.services.nearby.NearbySearch$NearbyListener -> d.a.a.d.i.a:
    void onNearbyInfoSearched(com.amap.api.services.nearby.NearbySearchResult,int) -> a
    void onNearbyInfoUploaded(int) -> a
    void onUserInfoCleared(int) -> b
com.amap.api.services.nearby.NearbySearchResult -> d.a.a.d.i.b:
com.amap.api.services.poisearch.IndoorData -> d.a.a.d.j.b:
com.amap.api.services.poisearch.IndoorData$1 -> d.a.a.d.j.a:
com.amap.api.services.poisearch.Photo -> d.a.a.d.j.d:
    void setTitle(java.lang.String) -> a
    void setUrl(java.lang.String) -> b
com.amap.api.services.poisearch.Photo$1 -> d.a.a.d.j.c:
com.amap.api.services.poisearch.PoiItemExtension -> d.a.a.d.j.f:
com.amap.api.services.poisearch.PoiItemExtension$1 -> d.a.a.d.j.e:
com.amap.api.services.poisearch.PoiResult -> d.a.a.d.j.g:
    com.amap.api.services.poisearch.PoiResult createPagedResult(com.amap.api.services.poisearch.PoiSearch$Query,com.amap.api.services.poisearch.PoiSearch$SearchBound,java.util.List,java.util.List,int,int,java.util.ArrayList) -> a
    java.util.ArrayList getPois() -> a
    com.amap.api.services.poisearch.PoiSearch$Query getQuery() -> b
com.amap.api.services.poisearch.PoiSearch -> d.a.a.d.j.h:
    void searchPOIAsyn() -> a
    void setBound(com.amap.api.services.poisearch.PoiSearch$SearchBound) -> a
    void setOnPoiSearchListener(com.amap.api.services.poisearch.PoiSearch$OnPoiSearchListener) -> a
com.amap.api.services.poisearch.PoiSearch$OnPoiSearchListener -> d.a.a.d.j.h$a:
    void onPoiItemSearched(com.amap.api.services.core.PoiItem,int) -> a
    void onPoiSearched(com.amap.api.services.poisearch.PoiResult,int) -> a
com.amap.api.services.poisearch.PoiSearch$Query -> d.a.a.d.j.h$b:
    java.lang.String getBuilding() -> a
    boolean queryEquals(com.amap.api.services.poisearch.PoiSearch$Query) -> a
    void requireSubPois(boolean) -> a
    void setBuilding(java.lang.String) -> a
    void setLocation(com.amap.api.services.core.LatLonPoint) -> a
    void setPageNum(int) -> a
    java.lang.String getCategory() -> b
    void setCityLimit(boolean) -> b
    void setPageSize(int) -> b
    void setQueryLanguage(java.lang.String) -> b
    java.lang.String getCity() -> c
    void setDistanceSort(boolean) -> c
    boolean getCityLimit() -> d
    com.amap.api.services.core.LatLonPoint getLocation() -> e
    int getPageNum() -> f
    int getPageSize() -> g
    java.lang.String getQueryString() -> h
    boolean isDistanceSort() -> i
    boolean isRequireSubPois() -> j
    java.lang.String a() -> k
com.amap.api.services.poisearch.PoiSearch$SearchBound -> d.a.a.d.j.h$c:
    com.amap.api.services.core.LatLonPoint getCenter() -> a
    com.amap.api.services.core.LatLonPoint getLowerLeft() -> b
    java.util.List getPolyGonList() -> c
    int getRange() -> d
    java.lang.String getShape() -> e
    com.amap.api.services.core.LatLonPoint getUpperRight() -> f
    boolean isDistanceSort() -> g
com.amap.api.services.poisearch.SubPoiItem -> d.a.a.d.j.j:
    void setDistance(int) -> a
    void setSubName(java.lang.String) -> a
    void setSubTypeDes(java.lang.String) -> b
com.amap.api.services.poisearch.SubPoiItem$1 -> d.a.a.d.j.i: